0 info it worked if it ends with ok
1 verbose cli [ 'C:\\Program Files\\nodejs\\node.exe',
1 verbose cli   'C:\\Users\\Yogita Nain\\AppData\\Roaming\\npm\\node_modules\\npm\\bin\\npm-cli.js',
1 verbose cli   'run',
1 verbose cli   'compile' ]
2 info using npm@4.0.0
3 info using node@v7.6.0
4 verbose run-script [ 'precompile', 'compile', 'postcompile' ]
5 info lifecycle todoapp@1.0.0~precompile: todoapp@1.0.0
6 silly lifecycle todoapp@1.0.0~precompile: no script for precompile, continuing
7 info lifecycle todoapp@1.0.0~compile: todoapp@1.0.0
8 verbose lifecycle todoapp@1.0.0~compile: unsafe-perm in lifecycle true
9 verbose lifecycle todoapp@1.0.0~compile: PATH: C:\Users\Yogita Nain\AppData\Roaming\npm\node_modules\npm\bin\node-gyp-bin;C:\Users\Yogita Nain\Desktop\WebD\toDo\node_modules\.bin;Y:\Program Files\apache-ant-1.9.7\bin;C:\Program Files (x86)\Intel\iCLS Client\;C:\Program Files\Intel\iCLS Client\;C:\WINDOWS\system32;C:\WINDOWS;C:\WINDOWS\System32\Wbem;C:\WINDOWS\System32\WindowsPowerShell\v1.0\;C:\Program Files (x86)\Intel\Intel(R) Management Engine Components\DAL;C:\Program Files\Intel\Intel(R) Management Engine Components\DAL;C:\Program Files (x86)\Intel\Intel(R) Management Engine Components\IPT;C:\Program Files\Intel\Intel(R) Management Engine Components\IPT;c:\Program Files (x86)\ATI Technologies\ATI.ACE\Core-Static;C:\Program Files\Intel\WiFi\bin\;C:\Program Files\Common Files\Intel\WirelessCommon\;C:\Program Files\Java\jdk1.8.0_60\bin;Y:\Program Files\spring\spring-1.4.0.RELEASE\bin;Y:\Program Files\gradle\gradle-1.12\bin;Y:\Program Files\MySQL\bin;Y:\Program Files\MySQL\MySQL Server 5.5\bin;Y:\Program Files\Apache\apache-maven-3.3.9\bin;Y:\Program Files\Git\cmd;Y:\Program Files\HashiCorp\Vagrant\bin;Y:\Program Files\Python27\;Y:\Program Files\MongoDB\Server\3.2\bin;C:\WINDOWS\system32\config\systemprofile\.dnx\bin;C:\Program Files\Microsoft DNX\Dnvm\;C:\Program Files (x86)\Windows Kits\8.1\Windows Performance Toolkit\;C:\Program Files\Microsoft SQL Server\130\Tools\Binn\;C:\Program Files\Git\cmd;C:\Program Files\MySQL\MySQL Server 5.7\bin;C:\Program Files (x86)\Brackets\command;C:\Program Files\nodejs\;C:\Users\Yogita Nain\AppData\Local\Programs\Python\Python35-32\Scripts\;C:\Users\Yogita Nain\AppData\Local\Programs\Python\Python35-32\;C:\Users\Yogita Nain\AppData\Local\Microsoft\WindowsApps;C:\Users\Yogita Nain\AppData\Local\atom\bin;C:\Users\Yogita Nain\AppData\Roaming\npm
10 verbose lifecycle todoapp@1.0.0~compile: CWD: C:\Users\Yogita Nain\Desktop\WebD\toDo
11 silly lifecycle todoapp@1.0.0~compile: Args: [ '/d /s /c', 'babel src --out-dir build --watch' ]
12 silly lifecycle todoapp@1.0.0~compile: Returned: code: 3221225786  signal: null
13 info lifecycle todoapp@1.0.0~compile: Failed to exec compile script
14 verbose stack Error: todoapp@1.0.0 compile: `babel src --out-dir build --watch`
14 verbose stack Exit status 3221225786
14 verbose stack     at EventEmitter.<anonymous> (C:\Users\Yogita Nain\AppData\Roaming\npm\node_modules\npm\lib\utils\lifecycle.js:277:16)
14 verbose stack     at emitTwo (events.js:106:13)
14 verbose stack     at EventEmitter.emit (events.js:192:7)
14 verbose stack     at ChildProcess.<anonymous> (C:\Users\Yogita Nain\AppData\Roaming\npm\node_modules\npm\lib\utils\spawn.js:40:14)
14 verbose stack     at emitTwo (events.js:106:13)
14 verbose stack     at ChildProcess.emit (events.js:192:7)
14 verbose stack     at maybeClose (internal/child_process.js:890:16)
14 verbose stack     at Process.ChildProcess._handle.onexit (internal/child_process.js:226:5)
15 verbose pkgid todoapp@1.0.0
16 verbose cwd C:\Users\Yogita Nain\Desktop\WebD\toDo
17 error Windows_NT 10.0.14393
18 error argv "C:\\Program Files\\nodejs\\node.exe" "C:\\Users\\Yogita Nain\\AppData\\Roaming\\npm\\node_modules\\npm\\bin\\npm-cli.js" "run" "compile"
19 error node v7.6.0
20 error npm  v4.0.0
21 error code ELIFECYCLE
22 error todoapp@1.0.0 compile: `babel src --out-dir build --watch`
22 error Exit status 3221225786
23 error Failed at the todoapp@1.0.0 compile script 'babel src --out-dir build --watch'.
23 error Make sure you have the latest version of node.js and npm installed.
23 error If you do, this is most likely a problem with the todoapp package,
23 error not with npm itself.
23 error Tell the author that this fails on your system:
23 error     babel src --out-dir build --watch
23 error You can get information on how to open an issue for this project with:
23 error     npm bugs todoapp
23 error Or if that isn't available, you can get their info via:
23 error     npm owner ls todoapp
23 error There is likely additional logging output above.
24 verbose exit [ 1, true ]
